<?xml version="1.0" encoding="UTF-8"?>
<testsuite xmlns:xsi="http://www.w3.org/2001/XMLSchema-instance" xsi:noNamespaceSchemaLocation="https://maven.apache.org/surefire/maven-surefire-plugin/xsd/surefire-test-report-3.0.xsd" version="3.0" name="manager.LoanManagementTest" time="0.092" tests="5" errors="0" skipped="0" failures="0">
  <properties>
[...]
</properties>
  <testcase name="testRequestLoanForBorrowedBook" classname="manager.LoanManagementTest" time="0.064"/>
  <testcase name="testApproveAlreadyApprovedRequest" classname="manager.LoanManagementTest" time="0.008"/>
  <testcase name="testApproveValidLoanRequest" classname="manager.LoanManagementTest" time="0.002"/>
  <testcase name="testActiveStudentRequestsLoanForAvailableBook" classname="manager.LoanManagementTest" time="0.002"/>
  <testcase name="testInactiveStudentTriesToRequestLoan" classname="manager.LoanManagementTest" time="0.002"/>
</testsuite>